  interpreter.cpp
C:\Users\borys\source\repos\calckonsol\interpreter.cpp(97,7): warning C4244: "argument": konwersja z "__int64" do "double", możliwa utrata danych
C:\Users\borys\source\repos\calckonsol\interpreter.cpp(105,20): warning C4244: "=": konwersja z "__int64" do "short", możliwa utrata danych
C:\Users\borys\source\repos\calckonsol\interpreter.cpp(115,26): warning C4267: "=": konwersja z "size_t" do "short", możliwa utrata danych
C:\Users\borys\source\repos\calckonsol\interpreter.cpp(136,7): warning C4244: "argument": konwersja z "__int64" do "double", możliwa utrata danych
C:\Users\borys\source\repos\calckonsol\interpreter.cpp(145,22): warning C4244: "=": konwersja z "__int64" do "short", możliwa utrata danych
C:\Users\borys\source\repos\calckonsol\interpreter.cpp(172,27): warning C4267: "inicjowanie": konwersja z "size_t" do "int", możliwa utrata danych
C:\Users\borys\source\repos\calckonsol\interpreter.cpp(173,41): warning C4267: "inicjowanie": konwersja z "size_t" do "int", możliwa utrata danych
C:\Users\borys\source\repos\calckonsol\interpreter.cpp(192,39): warning C4267: "=": konwersja z "size_t" do "int", możliwa utrata danych
C:\Users\borys\source\repos\calckonsol\interpreter.cpp(255,25): warning C4267: "=": konwersja z "size_t" do "int", możliwa utrata danych
C:\Users\borys\source\repos\calckonsol\interpreter.cpp(263,39): warning C4267: "=": konwersja z "size_t" do "int", możliwa utrata danych
C:\Users\borys\source\repos\calckonsol\interpreter.cpp(267,41): warning C4267: "inicjowanie": konwersja z "size_t" do "short", możliwa utrata danych
C:\Users\borys\source\repos\calckonsol\interpreter.cpp(214,21): warning C4101: "poz_przed": lokalna zmienna, do której nie istnieje odwołanie
C:\Users\borys\source\repos\calckonsol\interpreter.cpp(214,13): warning C4101: "poz_za": lokalna zmienna, do której nie istnieje odwołanie
  Trwa generowanie kodu
C:\Users\borys\source\repos\calckonsol\interpreter.cpp(125): warning C4715: "petla_za”: niewszystkie ścieżki kodu zwracają wartość
  2 of 186 functions ( 1.1%) were compiled, the rest were copied from previous compilation.
    0 functions were new in current compilation
    12 functions had inline decision re-evaluated but remain unchanged
  Zakończono generowanie kodu
  calckonsol.vcxproj -> C:\Users\borys\source\repos\calckonsol\x64\Release\calckonsol.exe
