c:\users\borys\source\repos\calckonsol\x64\release\calckonsol.ipdb
c:\users\borys\source\repos\calckonsol\x64\release\calckonsol.iobj
c:\users\borys\source\repos\calckonsol\x64\release\vc142.pdb
c:\users\borys\source\repos\calckonsol\x64\release\operacje.obj
c:\users\borys\source\repos\calckonsol\x64\release\menu.obj
c:\users\borys\source\repos\calckonsol\x64\release\interpreter.obj
c:\users\borys\source\repos\calckonsol\x64\release\main.obj
c:\users\borys\source\repos\calckonsol\x64\release\calckonsol.exe
c:\users\borys\source\repos\calckonsol\x64\release\main.cod
c:\users\borys\source\repos\calckonsol\x64\release\interpreter.cod
c:\users\borys\source\repos\calckonsol\x64\release\menu.cod
c:\users\borys\source\repos\calckonsol\x64\release\operacje.cod
c:\users\borys\source\repos\calckonsol\x64\release\calckonsol.pdb
c:\users\borys\source\repos\calckonsol\x64\release\calckonsol.tlog\calckonsol.write.1u.tlog
c:\users\borys\source\repos\calckonsol\x64\release\calckonsol.tlog\cl.command.1.tlog
c:\users\borys\source\repos\calckonsol\x64\release\calckonsol.tlog\cl.read.1.tlog
c:\users\borys\source\repos\calckonsol\x64\release\calckonsol.tlog\cl.write.1.tlog
c:\users\borys\source\repos\calckonsol\x64\release\calckonsol.tlog\link.command.1.tlog
c:\users\borys\source\repos\calckonsol\x64\release\calckonsol.tlog\link.read.1.tlog
c:\users\borys\source\repos\calckonsol\x64\release\calckonsol.tlog\link.write.1.tlog
